{"timestamp":"2025-05-12T11:04:34.623677","level":"info","event":"DAG bundles loaded: dags-folder, example_dags","logger":"airflow.dag_processing.bundles.manager.DagBundlesManager"}
{"timestamp":"2025-05-12T11:04:34.624851","level":"info","event":"Filling up the DagBag from /home/airflow/.local/lib/python3.12/site-packages/airflow/example_dags/tutorial.py","logger":"airflow.models.dagbag.DagBag"}
{"timestamp":"2025-05-12T11:04:34.677762Z","level":"info","event":"Task instance is in running state","chan":"stdout","logger":"task"}
{"timestamp":"2025-05-12T11:04:34.678673Z","level":"info","event":" Previous state of the Task instance: queued","chan":"stdout","logger":"task"}
{"timestamp":"2025-05-12T11:04:34.679009Z","level":"info","event":"Current task name:templated","chan":"stdout","logger":"task"}
{"timestamp":"2025-05-12T11:04:34.679268Z","level":"info","event":"Dag name:tutorial","chan":"stdout","logger":"task"}
{"timestamp":"2025-05-12T11:04:34.652633","level":"info","event":"Tmp dir root location: /tmp","logger":"airflow.task.hooks.airflow.providers.standard.hooks.subprocess.SubprocessHook"}
{"timestamp":"2025-05-12T11:04:34.655338","level":"info","event":"Running command: ['/usr/bin/bash', '-c', '\\n\\n    echo \"2025-05-12\"\\n    echo \"2025-05-19\"\\n\\n    echo \"2025-05-12\"\\n    echo \"2025-05-19\"\\n\\n    echo \"2025-05-12\"\\n    echo \"2025-05-19\"\\n\\n    echo \"2025-05-12\"\\n    echo \"2025-05-19\"\\n\\n    echo \"2025-05-12\"\\n    echo \"2025-05-19\"\\n']","logger":"airflow.task.hooks.airflow.providers.standard.hooks.subprocess.SubprocessHook"}
{"timestamp":"2025-05-12T11:04:34.674879","level":"info","event":"Output:","logger":"airflow.task.hooks.airflow.providers.standard.hooks.subprocess.SubprocessHook"}
{"timestamp":"2025-05-12T11:04:34.676501","level":"info","event":"2025-05-12","logger":"airflow.task.hooks.airflow.providers.standard.hooks.subprocess.SubprocessHook"}
{"timestamp":"2025-05-12T11:04:34.676632","level":"info","event":"2025-05-19","logger":"airflow.task.hooks.airflow.providers.standard.hooks.subprocess.SubprocessHook"}
{"timestamp":"2025-05-12T11:04:34.676712","level":"info","event":"2025-05-12","logger":"airflow.task.hooks.airflow.providers.standard.hooks.subprocess.SubprocessHook"}
{"timestamp":"2025-05-12T11:04:34.676786","level":"info","event":"2025-05-19","logger":"airflow.task.hooks.airflow.providers.standard.hooks.subprocess.SubprocessHook"}
{"timestamp":"2025-05-12T11:04:34.676878","level":"info","event":"2025-05-12","logger":"airflow.task.hooks.airflow.providers.standard.hooks.subprocess.SubprocessHook"}
{"timestamp":"2025-05-12T11:04:34.676946","level":"info","event":"2025-05-19","logger":"airflow.task.hooks.airflow.providers.standard.hooks.subprocess.SubprocessHook"}
{"timestamp":"2025-05-12T11:04:34.677013","level":"info","event":"2025-05-12","logger":"airflow.task.hooks.airflow.providers.standard.hooks.subprocess.SubprocessHook"}
{"timestamp":"2025-05-12T11:04:34.677099","level":"info","event":"2025-05-19","logger":"airflow.task.hooks.airflow.providers.standard.hooks.subprocess.SubprocessHook"}
{"timestamp":"2025-05-12T11:04:34.677176","level":"info","event":"2025-05-12","logger":"airflow.task.hooks.airflow.providers.standard.hooks.subprocess.SubprocessHook"}
{"timestamp":"2025-05-12T11:04:34.677240","level":"info","event":"2025-05-19","logger":"airflow.task.hooks.airflow.providers.standard.hooks.subprocess.SubprocessHook"}
{"timestamp":"2025-05-12T11:04:34.677382","level":"info","event":"Command exited with return code 0","logger":"airflow.task.hooks.airflow.providers.standard.hooks.subprocess.SubprocessHook"}
{"timestamp":"2025-05-12T11:04:34.678105","level":"info","event":"Pushing xcom","ti":"RuntimeTaskInstance(id=UUID('0196c42a-ed65-7fc4-9662-c2f46b581cdb'), task_id='templated', dag_id='tutorial', run_id='scheduled__2025-05-12T11:04:27.890294+00:00', try_number=1, map_index=-1, hostname='f0098256ab53', context_carrier={}, task=<Task(BashOperator): templated>, bundle_instance=LocalDagBundle(name=example_dags), max_tries=1, start_date=datetime.datetime(2025, 5, 12, 11, 4, 33, 926806, tzinfo=TzInfo(UTC)), end_date=None, is_mapped=False)","logger":"task"}
{"timestamp":"2025-05-12T11:04:34.682841Z","level":"info","event":"Task instance in success state","chan":"stdout","logger":"task"}
{"timestamp":"2025-05-12T11:04:34.683114Z","level":"info","event":" Previous state of the Task instance: running","chan":"stdout","logger":"task"}
{"timestamp":"2025-05-12T11:04:34.683346Z","level":"info","event":"Task operator:<Task(BashOperator): templated>","chan":"stdout","logger":"task"}
